#
# A fatal error has been detected by the Java Runtime Environment:
#
#  EXCEPTION_ACCESS_VIOLATION (0xc0000005) at pc=0x00007ff9f39df3e5, pid=2456, tid=7436
#
# JRE version: Java(TM) SE Runtime Environment (18.0.2.1+1) (build 18.0.2.1+1-1)
# Java VM: Java HotSpot(TM) 64-Bit Server VM (18.0.2.1+1-1, mixed mode, sharing, tiered, compressed oops, compressed class ptrs, g1 gc, windows-amd64)
# Problematic frame:
# C  [atio6axx.dll+0x1b3f3e5]
#
# No core dump will be written. Minidumps are not enabled by default on client versions of Windows
#
# If you would like to submit a bug report, please visit:
#   https://bugreport.java.com/bugreport/crash.jsp
# The crash happened outside the Java Virtual Machine in native code.
# See problematic frame for where to report the bug.
#

---------------  S U M M A R Y ------------

Command Line: -agentlib:jdwp=transport=dt_socket,server=n,suspend=y,address=localhost:49703 -XX:+ShowCodeDetailsInExceptionMessages nine.main.Program

Host: AMD Ryzen 5 5600H with Radeon Graphics         , 12 cores, 13G,  Windows 10 , 64 bit Build 19041 (10.0.19041.3031)
Time: Tue Jul  4 18:21:00 2023  Windows 10 , 64 bit Build 19041 (10.0.19041.3031) elapsed time: 0.817196 seconds (0d 0h 0m 0s)

---------------  T H R E A D  ---------------

Current thread (0x0000020d4d2f1580):  JavaThread "main" [_thread_in_native, id=7436, stack(0x00000021af700000,0x00000021af800000)]

Stack: [0x00000021af700000,0x00000021af800000],  sp=0x00000021af7fe9e8,  free space=1018k
Native frames: (J=compiled Java code, j=interpreted, Vv=VM code, C=native code)
C  [atio6axx.dll+0x1b3f3e5]

Java frames: (J=compiled Java code, j=interpreted, Vv=VM code)
j  org.lwjgl.opengl.GL11C.nglTexImage2D(IIIIIIIIJ)V+0
j  org.lwjgl.opengl.GL11C.glTexImage2D(IIIIIIIILjava/nio/ByteBuffer;)V+17
j  org.lwjgl.opengl.GL11.glTexImage2D(IIIIIIIILjava/nio/ByteBuffer;)V+14
j  nine.lwjgl.LWJGL_OpenGL.lambda$3(ILjava/io/InputStream;)V+174
j  nine.lwjgl.LWJGL_OpenGL$$Lambda$57+0x0000000800c258b8.call(Ljava/io/InputStream;)V+5
j  nine.io.FileStorageResource.read(Lnine/io/InputFlowAcceptor;Lnine/function/ErrorHandler;)V+116
j  nine.lwjgl.LWJGL_OpenGL.texture(Lnine/io/StorageResource;)Lnine/opengl/Texture;+14
j  nine.main.Program.loop()V+281
j  nine.main.Program.run()V+5
j  nine.main.Program.main([Ljava/lang/String;)V+7
v  ~StubRoutines::call_stub

siginfo: EXCEPTION_ACCESS_VIOLATION (0xc0000005), reading address 0x0000020d7d164ff0


Register to memory mapping:

RIP=0x00007ff9f39df3e5 atio6axx.dll
RAX=0x0000020d7d554040 points into unknown readable memory: 0x0000000000000000 | 00 00 00 00 00 00 00 00
RBX=0x0000020d7595edc0 points into unknown readable memory: 0x0000080000000001 | 01 00 00 00 00 08 00 00
RCX=0x0000020d7dd75fb0 points into unknown readable memory: 0x0000000000000000 | 00 00 00 00 00 00 00 00
RDX=0xffffffffff3ef000 is an unknown value
RSP=0x00000021af7fe9e8 is pointing into the stack for thread: 0x0000020d4d2f1580
RBP=0x0000020d734eb3c8 points into unknown readable memory: 0x0000000001000000 | 00 00 00 01 00 00 00 00
RSI=0x0000000001000000 is an unknown value
RDI=0x0000020d734eb3c8 points into unknown readable memory: 0x0000000001000000 | 00 00 00 01 00 00 00 00
R8 =0x0000000000fffff0 is an unknown value
R9 =0x000000000001821f is an unknown value
R10=0x0000020d7c554040 points into unknown readable memory: 0x242920252c20252d | 2d 25 20 2c 25 20 29 24
R11=0x0000020d7d165040 points into unknown readable memory: 0x0000000000000000 | 00 00 00 00 00 00 00 00
R12=0x00000021af7feb50 is pointing into the stack for thread: 0x0000020d4d2f1580
R13=0x0000020d7c554040 points into unknown readable memory: 0x242920252c20252d | 2d 25 20 2c 25 20 29 24
R14=0x0000000000002000 is an unknown value
R15=0x0000000000002000 is an unknown value


Registers:
RAX=0x0000020d7d554040, RBX=0x0000020d7595edc0, RCX=0x0000020d7dd75fb0, RDX=0xffffffffff3ef000
RSP=0x00000021af7fe9e8, RBP=0x0000020d734eb3c8, RSI=0x0000000001000000, RDI=0x0000020d734eb3c8
R8 =0x0000000000fffff0, R9 =0x000000000001821f, R10=0x0000020d7c554040, R11=0x0000020d7d165040
R12=0x00000021af7feb50, R13=0x0000020d7c554040, R14=0x0000000000002000, R15=0x0000000000002000
RIP=0x00007ff9f39df3e5, EFLAGS=0x0000000000010202

Top of Stack: (sp=0x00000021af7fe9e8)
0x00000021af7fe9e8:   00007ff9f3272c22 0000000000000030
0x00000021af7fe9f8:   0000000000000000 0000020d750db0e0
0x00000021af7fea08:   0000020d75252738 00007ff9f48b62e8
0x00000021af7fea18:   0000000000000854 0000020d7540c060
0x00000021af7fea28:   0000020d750db0e0 0000020d750db0e0
0x00000021af7fea38:   0000000000000800 0000000000000000
0x00000021af7fea48:   0000000000000001 0000020d750db0e0
0x00000021af7fea58:   0000020d75229a80 0000020d75759020
0x00000021af7fea68:   00007ff9f31fdfdc 0000020d7595ed01
0x00000021af7fea78:   0000020d75229a80 00000021af7fec70
0x00000021af7fea88:   3f8000003f800000 0000000000000001
0x00000021af7fea98:   0000000000000000 3f80000000000036
0x00000021af7feaa8:   3f8000003f800000 0000020d7c554040
0x00000021af7feab8:   0000020d00000001 0000000000000000
0x00000021af7feac8:   0000000000000000 0000000000002000
0x00000021af7fead8:   0000020d75229a00 0000002100000000 

Instructions: (pc=0x00007ff9f39df3e5)
0x00007ff9f39df2e5:   10 04 11 48 83 c1 10 49 ff c9 75 ef 49 83 e0 0f
0x00007ff9f39df2f5:   74 0d 4a 8d 04 01 0f 10 4c 10 f0 0f 11 48 f0 0f
0x00007ff9f39df305:   11 41 f0 49 8b c3 c3 0f 1f 40 00 0f 2b 41 e0 0f
0x00007ff9f39df315:   2b 49 f0 0f 18 84 11 00 02 00 00 0f 10 04 11 0f
0x00007ff9f39df325:   10 4c 11 10 48 81 c1 80 00 00 00 0f 2b 41 80 0f
0x00007ff9f39df335:   2b 49 90 0f 10 44 11 a0 0f 10 4c 11 b0 49 ff c9
0x00007ff9f39df345:   0f 2b 41 a0 0f 2b 49 b0 0f 10 44 11 c0 0f 10 4c
0x00007ff9f39df355:   11 d0 0f 18 84 11 40 02 00 00 0f 2b 41 c0 0f 2b
0x00007ff9f39df365:   49 d0 0f 10 44 11 e0 0f 10 4c 11 f0 75 9d 0f ae
0x00007ff9f39df375:   f8 e9 38 ff ff ff 0f 1f 44 00 00 49 03 c8 0f 10
0x00007ff9f39df385:   44 11 f0 48 83 e9 10 49 83 e8 10 f6 c1 0f 74 17
0x00007ff9f39df395:   48 8b c1 48 83 e1 f0 0f 10 c8 0f 10 04 11 0f 11
0x00007ff9f39df3a5:   08 4c 8b c1 4d 2b c3 4d 8b c8 49 c1 e9 07 74 68
0x00007ff9f39df3b5:   0f 29 01 eb 0d 66 0f 1f 44 00 00 0f 29 41 10 0f
0x00007ff9f39df3c5:   29 09 0f 10 44 11 f0 0f 10 4c 11 e0 48 81 e9 80
0x00007ff9f39df3d5:   00 00 00 0f 29 41 70 0f 29 49 60 0f 10 44 11 50
0x00007ff9f39df3e5:   0f 10 4c 11 40 49 ff c9 0f 29 41 50 0f 29 49 40
0x00007ff9f39df3f5:   0f 10 44 11 30 0f 10 4c 11 20 0f 29 41 30 0f 29
0x00007ff9f39df405:   49 20 0f 10 44 11 10 0f 10 0c 11 75 ae 0f 29 41
0x00007ff9f39df415:   10 49 83 e0 7f 0f 28 c1 4d 8b c8 49 c1 e9 04 74
0x00007ff9f39df425:   1a 66 66 0f 1f 84 00 00 00 00 00 0f 11 01 48 83
0x00007ff9f39df435:   e9 10 0f 10 04 11 49 ff c9 75 f0 49 83 e0 0f 74
0x00007ff9f39df445:   08 41 0f 10 0a 41 0f 11 0b 0f 11 01 49 8b c3 c3
0x00007ff9f39df455:   cc cc cc 48 89 5c 24 18 48 89 74 24 20 57 48 83
0x00007ff9f39df465:   ec 50 48 8b da 48 8b f1 bf 20 05 93 19 48 85 d2
0x00007ff9f39df475:   74 1d f6 02 10 74 18 48 8b 09 48 83 e9 08 48 8b
0x00007ff9f39df485:   01 48 8b 58 30 48 8b 40 40 ff 15 4c 74 19 00 48
0x00007ff9f39df495:   8d 54 24 20 48 8b cb ff 15 86 71 19 00 48 89 44
0x00007ff9f39df4a5:   24 20 48 85 db 74 0f f6 03 08 75 05 48 85 c0 75
0x00007ff9f39df4b5:   05 bf 00 40 99 01 ba 01 00 00 00 48 89 7c 24 28
0x00007ff9f39df4c5:   4c 8d 4c 24 28 48 89 74 24 30 b9 63 73 6d e0 48
0x00007ff9f39df4d5:   89 5c 24 38 48 89 44 24 40 44 8d 42 03 ff 15 48 


Stack slot to memory mapping:
stack at sp + 0 slots: 0x00007ff9f3272c22 atio6axx.dll
stack at sp + 1 slots: 0x0000000000000030 is an unknown value
stack at sp + 2 slots: 0x0 is NULL
stack at sp + 3 slots: 0x0000020d750db0e0 points into unknown readable memory: 0x00007ff9f46232b0 | b0 32 62 f4 f9 7f 00 00
stack at sp + 4 slots: 0x0000020d75252738 points into unknown readable memory: 0x0000000000000000 | 00 00 00 00 00 00 00 00
stack at sp + 5 slots: 0x00007ff9f48b62e8 atio6axx.dll
stack at sp + 6 slots: 0x0000000000000854 is an unknown value
stack at sp + 7 slots: 0x0000020d7540c060 points into unknown readable memory: 0x0000000100000200 | 00 02 00 00 01 00 00 00


---------------  P R O C E S S  ---------------

Threads class SMR info:
_java_thread_list=0x0000020d73bedc30, length=16, elements={
0x0000020d4d2f1580, 0x0000020d6f11af00, 0x0000020d6f11e6a0, 0x0000020d6f135bc0,
0x0000020d6f137090, 0x0000020d6f137550, 0x0000020d6f13dbb0, 0x0000020d6f13e3a0,
0x0000020d6f13e8a0, 0x0000020d6f13eda0, 0x0000020d734bced0, 0x0000020d734e19b0,
0x0000020d734e36c0, 0x0000020d734e9c10, 0x0000020d734f6b20, 0x0000020d7579fbc0
}

Java Threads: ( => current thread )
=>0x0000020d4d2f1580 JavaThread "main" [_thread_in_native, id=7436, stack(0x00000021af700000,0x00000021af800000)]
  0x0000020d6f11af00 JavaThread "Reference Handler" daemon [_thread_blocked, id=7976, stack(0x00000021afe00000,0x00000021aff00000)]
  0x0000020d6f11e6a0 JavaThread "Finalizer" daemon [_thread_blocked, id=20660, stack(0x00000021aff00000,0x00000021b0000000)]
  0x0000020d6f135bc0 JavaThread "Signal Dispatcher" daemon [_thread_blocked, id=21496, stack(0x00000021b0000000,0x00000021b0100000)]
  0x0000020d6f137090 JavaThread "Attach Listener" daemon [_thread_blocked, id=16032, stack(0x00000021b0100000,0x00000021b0200000)]
  0x0000020d6f137550 JavaThread "Service Thread" daemon [_thread_blocked, id=22804, stack(0x00000021b0200000,0x00000021b0300000)]
  0x0000020d6f13dbb0 JavaThread "Monitor Deflation Thread" daemon [_thread_blocked, id=12640, stack(0x00000021b0300000,0x00000021b0400000)]
  0x0000020d6f13e3a0 JavaThread "C2 CompilerThread0" daemon [_thread_blocked, id=16320, stack(0x00000021b0400000,0x00000021b0500000)]
  0x0000020d6f13e8a0 JavaThread "C1 CompilerThread0" daemon [_thread_blocked, id=8104, stack(0x00000021b0500000,0x00000021b0600000)]
  0x0000020d6f13eda0 JavaThread "Sweeper thread" daemon [_thread_blocked, id=21208, stack(0x00000021b0600000,0x00000021b0700000)]
  0x0000020d734bced0 JavaThread "JDWP Transport Listener: dt_socket" daemon [_thread_blocked, id=9804, stack(0x00000021b0700000,0x00000021b0800000)]
  0x0000020d734e19b0 JavaThread "JDWP Event Helper Thread" daemon [_thread_blocked, id=11396, stack(0x00000021b0800000,0x00000021b0900000)]
  0x0000020d734e36c0 JavaThread "JDWP Command Reader" daemon [_thread_in_native, id=19764, stack(0x00000021b0900000,0x00000021b0a00000)]
  0x0000020d734e9c10 JavaThread "Notification Thread" daemon [_thread_blocked, id=23032, stack(0x00000021b0a00000,0x00000021b0b00000)]
  0x0000020d734f6b20 JavaThread "Common-Cleaner" daemon [_thread_blocked, id=2336, stack(0x00000021b0c00000,0x00000021b0d00000)]
  0x0000020d7579fbc0 JavaThread "Java2D Disposer" daemon [_thread_blocked, id=22312, stack(0x00000021b1100000,0x00000021b1200000)]

Other Threads:
  0x0000020d6f114ff0 VMThread "VM Thread" [stack: 0x00000021afd00000,0x00000021afe00000] [id=23072]
  0x0000020d734ee6f0 WatcherThread "VM Periodic Task Thread" [stack: 0x00000021b0b00000,0x00000021b0c00000] [id=19680]
  0x0000020d4d35ac50 WorkerThread "GC Thread#0" [stack: 0x00000021af800000,0x00000021af900000] [id=18996]
  0x0000020d755af0b0 WorkerThread "GC Thread#1" [stack: 0x00000021b1200000,0x00000021b1300000] [id=19836]
  0x0000020d755af890 WorkerThread "GC Thread#2" [stack: 0x00000021b1300000,0x00000021b1400000] [id=6704]
  0x0000020d755af350 WorkerThread "GC Thread#3" [stack: 0x00000021b1400000,0x00000021b1500000] [id=284]
  0x0000020d755af5f0 WorkerThread "GC Thread#4" [stack: 0x00000021b1500000,0x00000021b1600000] [id=20152]
  0x0000020d755afb30 WorkerThread "GC Thread#5" [stack: 0x00000021b1600000,0x00000021b1700000] [id=18148]
  0x0000020d755afdd0 WorkerThread "GC Thread#6" [stack: 0x00000021b1700000,0x00000021b1800000] [id=15352]
  0x0000020d755b0070 WorkerThread "GC Thread#7" [stack: 0x00000021b1800000,0x00000021b1900000] [id=13632]
  0x0000020d755b05b0 WorkerThread "GC Thread#8" [stack: 0x00000021b1900000,0x00000021b1a00000] [id=17696]
  0x0000020d757f35d0 WorkerThread "GC Thread#9" [stack: 0x00000021b1a00000,0x00000021b1b00000] [id=8812]
  0x0000020d4d369940 ConcurrentGCThread "G1 Main Marker" [stack: 0x00000021af900000,0x00000021afa00000] [id=5968]
  0x0000020d4d36aad0 WorkerThread "G1 Conc#0" [stack: 0x00000021afa00000,0x00000021afb00000] [id=15960]
  0x0000020d6efd4090 ConcurrentGCThread "G1 Refine#0" [stack: 0x00000021afb00000,0x00000021afc00000] [id=13344]
  0x0000020d6efd45b0 ConcurrentGCThread "G1 Service" [stack: 0x00000021afc00000,0x00000021afd00000] [id=21904]

Threads with active compile tasks:

VM state: not at safepoint (normal execution)

VM Mutex/Monitor currently owned by a thread: None

Heap address: 0x0000000722400000, size: 3548 MB, Compressed Oops mode: Zero based, Oop shift amount: 3

CDS archive(s) mapped at: [0x0000000800000000-0x0000000800ba0000-0x0000000800ba0000), size 12189696, SharedBaseAddress: 0x0000000800000000, ArchiveRelocationMode: 0.
Compressed class space mapped at: 0x0000000800c00000-0x0000000840c00000, reserved size: 1073741824
Narrow klass base: 0x0000000800000000, Narrow klass shift: 0, Narrow klass range: 0x100000000

GC Precious Log:
 CardTable entry size: 512
 Card Set container configuration: InlinePtr #cards 4 size 8 Array Of Cards #cards 16 size 48 Howl #buckets 8 coarsen threshold 3686 Howl Bitmap #cards 512 size 80 coarsen threshold 460 Card regions per heap region 1 cards per card region 4096
 CPUs: 12 total, 12 available
 Memory: 14188M
 Large Page Support: Disabled
 NUMA Support: Disabled
 Compressed Oops: Enabled (Zero based)
 Heap Region Size: 2M
 Heap Min Capacity: 8M
 Heap Initial Capacity: 222M
 Heap Max Capacity: 3548M
 Pre-touch: Disabled
 Parallel Workers: 10
 Concurrent Workers: 3
 Concurrent Refinement Workers: 10
 Periodic GC: Disabled

Heap:
 garbage-first heap   total 227328K, used 16832K [0x0000000722400000, 0x0000000800000000)
  region size 2048K, 3 young (6144K), 2 survivors (4096K)
 Metaspace       used 5714K, committed 5952K, reserved 1114112K
  class space    used 426K, committed 512K, reserved 1048576K

Heap Regions: E=young(eden), S=young(survivor), O=old, HS=humongous(starts), HC=humongous(continues), CS=collection set, F=free, OA=open archive, CA=closed archive, TAMS=top-at-mark-start (previous, next)
|   0|0x0000000722400000, 0x0000000722600000, 0x0000000722600000|100%|HS|  |TAMS 0x0000000722400000, 0x0000000722400000| Complete 
|   1|0x0000000722600000, 0x0000000722800000, 0x0000000722800000|100%|HC|  |TAMS 0x0000000722600000, 0x0000000722600000| Complete 
|   2|0x0000000722800000, 0x0000000722a00000, 0x0000000722a00000|100%|HC|  |TAMS 0x0000000722800000, 0x0000000722800000| Complete 
|   3|0x0000000722a00000, 0x0000000722c00000, 0x0000000722c00000|100%|HC|  |TAMS 0x0000000722a00000, 0x0000000722a00000| Complete 
|   4|0x0000000722c00000, 0x0000000722e00000, 0x0000000722e00000|100%|HC|  |TAMS 0x0000000722c00000, 0x0000000722c00000| Complete 
|   5|0x0000000722e00000, 0x0000000723000000, 0x0000000723000000|100%|HC|  |TAMS 0x0000000722e00000, 0x0000000722e00000| Complete 
|   6|0x0000000723000000, 0x0000000723200000, 0x0000000723200000|100%|HC|  |TAMS 0x0000000723000000, 0x0000000723000000| Complete 
|   7|0x0000000723200000, 0x0000000723200000, 0x0000000723400000|  0%| F|  |TAMS 0x0000000723200000, 0x0000000723200000| Untracked 
|   8|0x0000000723400000, 0x0000000723400000, 0x0000000723600000|  0%| F|  |TAMS 0x0000000723400000, 0x0000000723400000| Untracked 
|   9|0x0000000723600000, 0x0000000723600000, 0x0000000723800000|  0%| F|  |TAMS 0x0000000723600000, 0x0000000723600000| Untracked 
|  10|0x0000000723800000, 0x0000000723800000, 0x0000000723a00000|  0%| F|  |TAMS 0x0000000723800000, 0x0000000723800000| Untracked 
|  11|0x0000000723a00000, 0x0000000723a00000, 0x0000000723c00000|  0%| F|  |TAMS 0x0000000723a00000, 0x0000000723a00000| Untracked 
|  12|0x0000000723c00000, 0x0000000723c00000, 0x0000000723e00000|  0%| F|  |TAMS 0x0000000723c00000, 0x0000000723c00000| Untracked 
|  13|0x0000000723e00000, 0x0000000723e00000, 0x0000000724000000|  0%| F|  |TAMS 0x0000000723e00000, 0x0000000723e00000| Untracked 
|  14|0x0000000724000000, 0x0000000724000000, 0x0000000724200000|  0%| F|  |TAMS 0x0000000724000000, 0x0000000724000000| Untracked 
|  15|0x0000000724200000, 0x0000000724200000, 0x0000000724400000|  0%| F|  |TAMS 0x0000000724200000, 0x0000000724200000| Untracked 
|  16|0x0000000724400000, 0x0000000724400000, 0x0000000724600000|  0%| F|  |TAMS 0x0000000724400000, 0x0000000724400000| Untracked 
|  17|0x0000000724600000, 0x0000000724600000, 0x0000000724800000|  0%| F|  |TAMS 0x0000000724600000, 0x0000000724600000| Untracked 
|  18|0x0000000724800000, 0x0000000724800000, 0x0000000724a00000|  0%| F|  |TAMS 0x0000000724800000, 0x0000000724800000| Untracked 
|  19|0x0000000724a00000, 0x0000000724a00000, 0x0000000724c00000|  0%| F|  |TAMS 0x0000000724a00000, 0x0000000724a00000| Untracked 
|  20|0x0000000724c00000, 0x0000000724c00000, 0x0000000724e00000|  0%| F|  |TAMS 0x0000000724c00000, 0x0000000724c00000| Untracked 
|  21|0x0000000724e00000, 0x0000000724e00000, 0x0000000725000000|  0%| F|  |TAMS 0x0000000724e00000, 0x0000000724e00000| Untracked 
|  22|0x0000000725000000, 0x0000000725000000, 0x0000000725200000|  0%| F|  |TAMS 0x0000000725000000, 0x0000000725000000| Untracked 
|  23|0x0000000725200000, 0x0000000725200000, 0x0000000725400000|  0%| F|  |TAMS 0x0000000725200000, 0x0000000725200000| Untracked 
|  24|0x0000000725400000, 0x0000000725400000, 0x0000000725600000|  0%| F|  |TAMS 0x0000000725400000, 0x0000000725400000| Untracked 
|  25|0x0000000725600000, 0x0000000725600000, 0x0000000725800000|  0%| F|  |TAMS 0x0000000725600000, 0x0000000725600000| Untracked 
|  26|0x0000000725800000, 0x0000000725800000, 0x0000000725a00000|  0%| F|  |TAMS 0x0000000725800000, 0x0000000725800000| Untracked 
|  27|0x0000000725a00000, 0x0000000725a00000, 0x0000000725c00000|  0%| F|  |TAMS 0x0000000725a00000, 0x0000000725a00000| Untracked 
|  28|0x0000000725c00000, 0x0000000725c00000, 0x0000000725e00000|  0%| F|  |TAMS 0x0000000725c00000, 0x0000000725c00000| Untracked 
|  29|0x0000000725e00000, 0x0000000725e00000, 0x0000000726000000|  0%| F|  |TAMS 0x0000000725e00000, 0x0000000725e00000| Untracked 
|  30|0x0000000726000000, 0x0000000726000000, 0x0000000726200000|  0%| F|  |TAMS 0x0000000726000000, 0x0000000726000000| Untracked 
|  31|0x0000000726200000, 0x0000000726200000, 0x0000000726400000|  0%| F|  |TAMS 0x0000000726200000, 0x0000000726200000| Untracked 
|  32|0x0000000726400000, 0x0000000726400000, 0x0000000726600000|  0%| F|  |TAMS 0x0000000726400000, 0x0000000726400000| Untracked 
|  33|0x0000000726600000, 0x0000000726600000, 0x0000000726800000|  0%| F|  |TAMS 0x0000000726600000, 0x0000000726600000| Untracked 
|  34|0x0000000726800000, 0x0000000726800000, 0x0000000726a00000|  0%| F|  |TAMS 0x0000000726800000, 0x0000000726800000| Untracked 
|  35|0x0000000726a00000, 0x0000000726a00000, 0x0000000726c00000|  0%| F|  |TAMS 0x0000000726a00000, 0x0000000726a00000| Untracked 
|  36|0x0000000726c00000, 0x0000000726c00000, 0x0000000726e00000|  0%| F|  |TAMS 0x0000000726c00000, 0x0000000726c00000| Untracked 
|  37|0x0000000726e00000, 0x0000000726e00000, 0x0000000727000000|  0%| F|  |TAMS 0x0000000726e00000, 0x0000000726e00000| Untracked 
|  38|0x0000000727000000, 0x0000000727000000, 0x0000000727200000|  0%| F|  |TAMS 0x0000000727000000, 0x0000000727000000| Untracked 
|  39|0x0000000727200000, 0x0000000727200000, 0x0000000727400000|  0%| F|  |TAMS 0x0000000727200000, 0x0000000727200000| Untracked 
|  40|0x0000000727400000, 0x0000000727400000, 0x0000000727600000|  0%| F|  |TAMS 0x0000000727400000, 0x0000000727400000| Untracked 
|  41|0x0000000727600000, 0x0000000727600000, 0x0000000727800000|  0%| F|  |TAMS 0x0000000727600000, 0x0000000727600000| Untracked 
|  42|0x0000000727800000, 0x0000000727800000, 0x0000000727a00000|  0%| F|  |TAMS 0x0000000727800000, 0x0000000727800000| Untracked 
|  43|0x0000000727a00000, 0x0000000727a00000, 0x0000000727c00000|  0%| F|  |TAMS 0x0000000727a00000, 0x0000000727a00000| Untracked 
|  44|0x0000000727c00000, 0x0000000727c00000, 0x0000000727e00000|  0%| F|  |TAMS 0x0000000727c00000, 0x0000000727c00000| Untracked 
|  45|0x0000000727e00000, 0x0000000727e00000, 0x0000000728000000|  0%| F|  |TAMS 0x0000000727e00000, 0x0000000727e00000| Untracked 
|  46|0x0000000728000000, 0x0000000728000000, 0x0000000728200000|  0%| F|  |TAMS 0x0000000728000000, 0x0000000728000000| Untracked 
|  47|0x0000000728200000, 0x0000000728200000, 0x0000000728400000|  0%| F|  |TAMS 0x0000000728200000, 0x0000000728200000| Untracked 
|  48|0x0000000728400000, 0x0000000728400000, 0x0000000728600000|  0%| F|  |TAMS 0x0000000728400000, 0x0000000728400000| Untracked 
|  49|0x0000000728600000, 0x0000000728600000, 0x0000000728800000|  0%| F|  |TAMS 0x0000000728600000, 0x0000000728600000| Untracked 
|  50|0x0000000728800000, 0x0000000728800000, 0x0000000728a00000|  0%| F|  |TAMS 0x0000000728800000, 0x0000000728800000| Untracked 
|  51|0x0000000728a00000, 0x0000000728a00000, 0x0000000728c00000|  0%| F|  |TAMS 0x0000000728a00000, 0x0000000728a00000| Untracked 
|  52|0x0000000728c00000, 0x0000000728c00000, 0x0000000728e00000|  0%| F|  |TAMS 0x0000000728c00000, 0x0000000728c00000| Untracked 
|  53|0x0000000728e00000, 0x0000000728e00000, 0x0000000729000000|  0%| F|  |TAMS 0x0000000728e00000, 0x0000000728e00000| Untracked 
|  54|0x0000000729000000, 0x0000000729000000, 0x0000000729200000|  0%| F|  |TAMS 0x0000000729000000, 0x0000000729000000| Untracked 
|  55|0x0000000729200000, 0x0000000729200000, 0x0000000729400000|  0%| F|  |TAMS 0x0000000729200000, 0x0000000729200000| Untracked 
|  56|0x0000000729400000, 0x0000000729400000, 0x0000000729600000|  0%| F|  |TAMS 0x0000000729400000, 0x0000000729400000| Untracked 
|  57|0x0000000729600000, 0x0000000729600000, 0x0000000729800000|  0%| F|  |TAMS 0x0000000729600000, 0x0000000729600000| Untracked 
|  58|0x0000000729800000, 0x0000000729800000, 0x0000000729a00000|  0%| F|  |TAMS 0x0000000729800000, 0x0000000729800000| Untracked 
|  59|0x0000000729a00000, 0x0000000729a00000, 0x0000000729c00000|  0%| F|  |TAMS 0x0000000729a00000, 0x0000000729a00000| Untracked 
|  60|0x0000000729c00000, 0x0000000729c00000, 0x0000000729e00000|  0%| F|  |TAMS 0x0000000729c00000, 0x0000000729c00000| Untracked 
|  61|0x0000000729e00000, 0x0000000729e00000, 0x000000072a000000|  0%| F|  |TAMS 0x0000000729e00000, 0x0000000729e00000| Untracked 
|  62|0x000000072a000000, 0x000000072a000000, 0x000000072a200000|  0%| F|  |TAMS 0x000000072a000000, 0x000000072a000000| Untracked 
|  63|0x000000072a200000, 0x000000072a200000, 0x000000072a400000|  0%| F|  |TAMS 0x000000072a200000, 0x000000072a200000| Untracked 
|  64|0x000000072a400000, 0x000000072a400000, 0x000000072a600000|  0%| F|  |TAMS 0x000000072a400000, 0x000000072a400000| Untracked 
|  65|0x000000072a600000, 0x000000072a600000, 0x000000072a800000|  0%| F|  |TAMS 0x000000072a600000, 0x000000072a600000| Untracked 
|  66|0x000000072a800000, 0x000000072a800000, 0x000000072aa00000|  0%| F|  |TAMS 0x000000072a800000, 0x000000072a800000| Untracked 
|  67|0x000000072aa00000, 0x000000072aa00000, 0x000000072ac00000|  0%| F|  |TAMS 0x000000072aa00000, 0x000000072aa00000| Untracked 
|  68|0x000000072ac00000, 0x000000072ac00000, 0x000000072ae00000|  0%| F|  |TAMS 0x000000072ac00000, 0x000000072ac00000| Untracked 
|  69|0x000000072ae00000, 0x000000072ae00000, 0x000000072b000000|  0%| F|  |TAMS 0x000000072ae00000, 0x000000072ae00000| Untracked 
|  70|0x000000072b000000, 0x000000072b000000, 0x000000072b200000|  0%| F|  |TAMS 0x000000072b000000, 0x000000072b000000| Untracked 
|  71|0x000000072b200000, 0x000000072b200000, 0x000000072b400000|  0%| F|  |TAMS 0x000000072b200000, 0x000000072b200000| Untracked 
|  72|0x000000072b400000, 0x000000072b400000, 0x000000072b600000|  0%| F|  |TAMS 0x000000072b400000, 0x000000072b400000| Untracked 
|  73|0x000000072b600000, 0x000000072b600000, 0x000000072b800000|  0%| F|  |TAMS 0x000000072b600000, 0x000000072b600000| Untracked 
|  74|0x000000072b800000, 0x000000072b800000, 0x000000072ba00000|  0%| F|  |TAMS 0x000000072b800000, 0x000000072b800000| Untracked 
|  75|0x000000072ba00000, 0x000000072ba00000, 0x000000072bc00000|  0%| F|  |TAMS 0x000000072ba00000, 0x000000072ba00000| Untracked 
|  76|0x000000072bc00000, 0x000000072bc00000, 0x000000072be00000|  0%| F|  |TAMS 0x000000072bc00000, 0x000000072bc00000| Untracked 
|  77|0x000000072be00000, 0x000000072be00000, 0x000000072c000000|  0%| F|  |TAMS 0x000000072be00000, 0x000000072be00000| Untracked 
|  78|0x000000072c000000, 0x000000072c000000, 0x000000072c200000|  0%| F|  |TAMS 0x000000072c000000, 0x000000072c000000| Untracked 
|  79|0x000000072c200000, 0x000000072c200000, 0x000000072c400000|  0%| F|  |TAMS 0x000000072c200000, 0x000000072c200000| Untracked 
|  80|0x000000072c400000, 0x000000072c400000, 0x000000072c600000|  0%| F|  |TAMS 0x000000072c400000, 0x000000072c400000| Untracked 
|  81|0x000000072c600000, 0x000000072c600000, 0x000000072c800000|  0%| F|  |TAMS 0x000000072c600000, 0x000000072c600000| Untracked 
|  82|0x000000072c800000, 0x000000072c800000, 0x000000072ca00000|  0%| F|  |TAMS 0x000000072c800000, 0x000000072c800000| Untracked 
|  83|0x000000072ca00000, 0x000000072ca00000, 0x000000072cc00000|  0%| F|  |TAMS 0x000000072ca00000, 0x000000072ca00000| Untracked 
|  84|0x000000072cc00000, 0x000000072cc00000, 0x000000072ce00000|  0%| F|  |TAMS 0x000000072cc00000, 0x000000072cc00000| Untracked 
|  85|0x000000072ce00000, 0x000000072ce00000, 0x000000072d000000|  0%| F|  |TAMS 0x000000072ce00000, 0x000000072ce00000| Untracked 
|  86|0x000000072d000000, 0x000000072d000000, 0x000000072d200000|  0%| F|  |TAMS 0x000000072d000000, 0x000000072d000000| Untracked 
|  87|0x000000072d200000, 0x000000072d200000, 0x000000072d400000|  0%| F|  |TAMS 0x000000072d200000, 0x000000072d200000| Untracked 
|  88|0x000000072d400000, 0x000000072d400000, 0x000000072d600000|  0%| F|  |TAMS 0x000000072d400000, 0x000000072d400000| Untracked 
|  89|0x000000072d600000, 0x000000072d600000, 0x000000072d800000|  0%| F|  |TAMS 0x000000072d600000, 0x000000072d600000| Untracked 
|  90|0x000000072d800000, 0x000000072d800000, 0x000000072da00000|  0%| F|  |TAMS 0x000000072d800000, 0x000000072d800000| Untracked 
|  91|0x000000072da00000, 0x000000072da00000, 0x000000072dc00000|  0%| F|  |TAMS 0x000000072da00000, 0x000000072da00000| Untracked 
|  92|0x000000072dc00000, 0x000000072dc00000, 0x000000072de00000|  0%| F|  |TAMS 0x000000072dc00000, 0x000000072dc00000| Untracked 
|  93|0x000000072de00000, 0x000000072de00000, 0x000000072e000000|  0%| F|  |TAMS 0x000000072de00000, 0x000000072de00000| Untracked 
|  94|0x000000072e000000, 0x000000072e000000, 0x000000072e200000|  0%| F|  |TAMS 0x000000072e000000, 0x000000072e000000| Untracked 
|  95|0x000000072e200000, 0x000000072e200000, 0x000000072e400000|  0%| F|  |TAMS 0x000000072e200000, 0x000000072e200000| Untracked 
|  96|0x000000072e400000, 0x000000072e400000, 0x000000072e600000|  0%| F|  |TAMS 0x000000072e400000, 0x000000072e400000| Untracked 
|  97|0x000000072e600000, 0x000000072e600000, 0x000000072e800000|  0%| F|  |TAMS 0x000000072e600000, 0x000000072e600000| Untracked 
|  98|0x000000072e800000, 0x000000072e870000, 0x000000072ea00000| 21%| S|CS|TAMS 0x000000072e800000, 0x000000072e800000| Complete 
|  99|0x000000072ea00000, 0x000000072ec00000, 0x000000072ec00000|100%| S|CS|TAMS 0x000000072ea00000, 0x000000072ea00000| Complete 
| 100|0x000000072ec00000, 0x000000072ec00000, 0x000000072ee00000|  0%| F|  |TAMS 0x000000072ec00000, 0x000000072ec00000| Untracked 
| 101|0x000000072ee00000, 0x000000072ee00000, 0x000000072f000000|  0%| F|  |TAMS 0x000000072ee00000, 0x000000072ee00000| Untracked 
| 102|0x000000072f000000, 0x000000072f000000, 0x000000072f200000|  0%| F|  |TAMS 0x000000072f000000, 0x000000072f000000| Untracked 
| 103|0x000000072f200000, 0x000000072f200000, 0x000000072f400000|  0%| F|  |TAMS 0x000000072f200000, 0x000000072f200000| Untracked 
| 104|0x000000072f400000, 0x000000072f400000, 0x000000072f600000|  0%| F|  |TAMS 0x000000072f400000, 0x000000072f400000| Untracked 
| 105|0x000000072f600000, 0x000000072f600000, 0x000000072f800000|  0%| F|  |TAMS 0x000000072f600000, 0x000000072f600000| Untracked 
| 106|0x000000072f800000, 0x000000072f800000, 0x000000072fa00000|  0%| F|  |TAMS 0x000000072f800000, 0x000000072f800000| Untracked 
| 107|0x000000072fa00000, 0x000000072fa00000, 0x000000072fc00000|  0%| F|  |TAMS 0x000000072fa00000, 0x000000072fa00000| Untracked 
| 108|0x000000072fc00000, 0x000000072fc00000, 0x000000072fe00000|  0%| F|  |TAMS 0x000000072fc00000, 0x000000072fc00000| Untracked 
| 109|0x000000072fe00000, 0x000000072fe00000, 0x0000000730000000|  0%| F|  |TAMS 0x000000072fe00000, 0x000000072fe00000| Untracked 
| 110|0x0000000730000000, 0x00000007300bcd40, 0x0000000730200000| 36%| E|  |TAMS 0x0000000730000000, 0x0000000730000000| Complete 

Card table byte_map: [0x0000020d64870000,0x0000020d64f60000] _byte_map_base: 0x0000020d60f5e000

Marking Bits (Prev, Next): (CMBitMap*) 0x0000020d4d35b250, (CMBitMap*) 0x0000020d4d35b290
 Prev Bits: [0x0000020d65650000, 0x0000020d68dc0000)
 Next Bits: [0x0000020d68dc0000, 0x0000020d6c530000)

Polling page: 0x0000020d4b180000

Metaspace:

Usage:
  Non-class:      5.16 MB used.
      Class:    426.16 KB used.
       Both:      5.58 MB used.

Virtual space:
  Non-class space:       64.00 MB reserved,       5.31 MB (  8%) committed,  1 nodes.
      Class space:        1.00 GB reserved,     512.00 KB ( <1%) committed,  1 nodes.
             Both:        1.06 GB reserved,       5.81 MB ( <1%) committed. 

Chunk freelists:
   Non-Class:  1.80 MB
       Class:  3.50 MB
        Both:  5.30 MB

MaxMetaspaceSize: unlimited
CompressedClassSpaceSize: 1.00 GB
Initial GC threshold: 21.00 MB
Current GC threshold: 21.00 MB
CDS: on
MetaspaceReclaimPolicy: balanced
 - commit_granule_bytes: 65536.
 - commit_granule_words: 8192.
 - virtual_space_node_default_size: 8388608.
 - enlarge_chunks_in_place: 1.
 - new_chunks_are_fully_committed: 0.
 - uncommit_free_chunks: 1.
 - use_allocation_guard: 0.


Internal statistics:

num_allocs_failed_limit: 0.
num_arena_births: 156.
num_arena_deaths: 0.
num_vsnodes_births: 2.
num_vsnodes_deaths: 0.
num_space_committed: 91.
num_space_uncommitted: 0.
num_chunks_returned_to_freelist: 0.
num_chunks_taken_from_freelist: 274.
num_chunk_merges: 0.
num_chunk_splits: 170.
num_chunks_enlarged: 110.
num_inconsistent_stats: 0.

CodeHeap 'non-profiled nmethods': size=120000Kb used=334Kb max_used=334Kb free=119665Kb
 bounds [0x0000020d5c700000, 0x0000020d5c970000, 0x0000020d63c30000]
CodeHeap 'profiled nmethods': size=120000Kb used=1464Kb max_used=1464Kb free=118536Kb
 bounds [0x0000020d551d0000, 0x0000020d55440000, 0x0000020d5c700000]
CodeHeap 'non-nmethods': size=5760Kb used=1708Kb max_used=1742Kb free=4051Kb
 bounds [0x0000020d54c30000, 0x0000020d54ea0000, 0x0000020d551d0000]
 total_blobs=2025 nmethods=953 adapters=985
 compilation: enabled
              stopped_count=0, restarted_count=0
 full_count=0

Compilation events (20 events):
Event: 0.665 Thread 0x0000020d6f13e3a0  943       4       java.io.BufferedInputStream::read1 (108 bytes)
Event: 0.668 Thread 0x0000020d756a9790  944   !   4       java.util.zip.InflaterInputStream::read (122 bytes)
Event: 0.685 Thread 0x0000020d6f13e3a0 nmethod 943 0x0000020d5c74c690 code [0x0000020d5c74c900, 0x0000020d5c74e150]
Event: 0.685 Thread 0x0000020d6f13e3a0  945   !   4       java.util.zip.Inflater::needsInput (55 bytes)
Event: 0.686 Thread 0x0000020d6f13e3a0 nmethod 945 0x0000020d5c74f510 code [0x0000020d5c74f6a0, 0x0000020d5c74fa08]
Event: 0.686 Thread 0x0000020d756a9790 nmethod 944 0x0000020d5c74fb90 code [0x0000020d5c74fe00, 0x0000020d5c751660]
Event: 0.697 Thread 0x0000020d6f13e3a0  946       4       java.util.zip.InflaterInputStream::available (32 bytes)
Event: 0.698 Thread 0x0000020d6f13e3a0 nmethod 946 0x0000020d5c752990 code [0x0000020d5c752b20, 0x0000020d5c752d78]
Event: 0.723 Thread 0x0000020d6f13e3a0  947       4       com.sun.imageio.plugins.png.PNGImageReader::decodeSubFilter (54 bytes)
Event: 0.730 Thread 0x0000020d6f13e3a0 nmethod 947 0x0000020d5c752f10 code [0x0000020d5c753080, 0x0000020d5c7534b8]
Event: 0.794 Thread 0x0000020d6f13e8a0  948       3       java.lang.ref.Reference::clear (5 bytes)
Event: 0.794 Thread 0x0000020d6f13e8a0 nmethod 948 0x0000020d5533c490 code [0x0000020d5533c620, 0x0000020d5533c768]
Event: 0.794 Thread 0x0000020d6f13e8a0  950   !   3       jdk.internal.ref.PhantomCleanable::remove (60 bytes)
Event: 0.795 Thread 0x0000020d6f13e8a0 nmethod 950 0x0000020d5533c810 code [0x0000020d5533c9e0, 0x0000020d5533ce38]
Event: 0.802 Thread 0x0000020d6f13e8a0  951       3       java.lang.ClassLoader::loadClass (7 bytes)
Event: 0.802 Thread 0x0000020d6f13e8a0 nmethod 951 0x0000020d5533d010 code [0x0000020d5533d1c0, 0x0000020d5533d3a8]
Event: 0.802 Thread 0x0000020d6f13e8a0  952       3       jdk.internal.loader.BuiltinClassLoader::loadClass (22 bytes)
Event: 0.802 Thread 0x0000020d6f13e8a0 nmethod 952 0x0000020d5533d490 code [0x0000020d5533d640, 0x0000020d5533d918]
Event: 0.802 Thread 0x0000020d6f13e8a0  953       3       jdk.internal.loader.ClassLoaders$BootClassLoader::loadClassOrNull (10 bytes)
Event: 0.803 Thread 0x0000020d6f13e8a0 nmethod 953 0x0000020d5533da10 code [0x0000020d5533dbe0, 0x0000020d5533de78]

GC Heap History (2 events):
Event: 0.792 GC heap before
{Heap before GC invocations=0 (full 0):
 garbage-first heap   total 227328K, used 36864K [0x0000000722400000, 0x0000000800000000)
  region size 2048K, 11 young (22528K), 0 survivors (0K)
 Metaspace       used 5710K, committed 5952K, reserved 1114112K
  class space    used 426K, committed 512K, reserved 1048576K
}
Event: 0.794 GC heap after
{Heap after GC invocations=1 (full 0):
 garbage-first heap   total 227328K, used 16832K [0x0000000722400000, 0x0000000800000000)
  region size 2048K, 2 young (4096K), 2 survivors (4096K)
 Metaspace       used 5710K, committed 5952K, reserved 1114112K
  class space    used 426K, committed 512K, reserved 1048576K
}

Deoptimization events (20 events):
Event: 0.607 Thread 0x0000020d4d2f1580 DEOPT PACKING pc=0x0000020d5532a1b0 sp=0x00000021af7fefb0
Event: 0.607 Thread 0x0000020d4d2f1580 DEOPT UNPACKING pc=0x0000020d54c82b43 sp=0x00000021af7fe458 mode 0
Event: 0.607 Thread 0x0000020d4d2f1580 DEOPT PACKING pc=0x0000020d5532a1b0 sp=0x00000021af7fefb0
Event: 0.607 Thread 0x0000020d4d2f1580 DEOPT UNPACKING pc=0x0000020d54c82b43 sp=0x00000021af7fe458 mode 0
Event: 0.607 Thread 0x0000020d4d2f1580 DEOPT PACKING pc=0x0000020d5532a1b0 sp=0x00000021af7fefb0
Event: 0.607 Thread 0x0000020d4d2f1580 DEOPT UNPACKING pc=0x0000020d54c82b43 sp=0x00000021af7fe458 mode 0
Event: 0.608 Thread 0x0000020d4d2f1580 DEOPT PACKING pc=0x0000020d5532a1b0 sp=0x00000021af7fefb0
Event: 0.608 Thread 0x0000020d4d2f1580 DEOPT UNPACKING pc=0x0000020d54c82b43 sp=0x00000021af7fe458 mode 0
Event: 0.608 Thread 0x0000020d4d2f1580 DEOPT PACKING pc=0x0000020d5532a1b0 sp=0x00000021af7fefb0
Event: 0.608 Thread 0x0000020d4d2f1580 DEOPT UNPACKING pc=0x0000020d54c82b43 sp=0x00000021af7fe458 mode 0
Event: 0.608 Thread 0x0000020d4d2f1580 DEOPT PACKING pc=0x0000020d5532a1b0 sp=0x00000021af7fefb0
Event: 0.608 Thread 0x0000020d4d2f1580 DEOPT UNPACKING pc=0x0000020d54c82b43 sp=0x00000021af7fe458 mode 0
Event: 0.608 Thread 0x0000020d4d2f1580 DEOPT PACKING pc=0x0000020d5532a1b0 sp=0x00000021af7fefb0
Event: 0.608 Thread 0x0000020d4d2f1580 DEOPT UNPACKING pc=0x0000020d54c82b43 sp=0x00000021af7fe458 mode 0
Event: 0.609 Thread 0x0000020d4d2f1580 DEOPT PACKING pc=0x0000020d5532a1b0 sp=0x00000021af7fefb0
Event: 0.609 Thread 0x0000020d4d2f1580 DEOPT UNPACKING pc=0x0000020d54c82b43 sp=0x00000021af7fe458 mode 0
Event: 0.627 Thread 0x0000020d4d2f1580 DEOPT PACKING pc=0x0000020d553366cc sp=0x00000021af7fefd0
Event: 0.627 Thread 0x0000020d4d2f1580 DEOPT UNPACKING pc=0x0000020d54c82b43 sp=0x00000021af7fe460 mode 0
Event: 0.723 Thread 0x0000020d4d2f1580 DEOPT PACKING pc=0x0000020d553329b8 sp=0x00000021af7fefe0
Event: 0.723 Thread 0x0000020d4d2f1580 DEOPT UNPACKING pc=0x0000020d54c82b43 sp=0x00000021af7fe478 mode 0

Classes loaded (20 events):
Event: 0.562 Loading class java/awt/Image done
Event: 0.562 Loading class java/awt/image/BufferedImage done
Event: 0.562 Loading class java/awt/ImageCapabilities
Event: 0.562 Loading class java/awt/ImageCapabilities done
Event: 0.562 Loading class java/awt/Image$1
Event: 0.562 Loading class sun/awt/image/SurfaceManager$ImageAccessor
Event: 0.562 Loading class sun/awt/image/SurfaceManager$ImageAccessor done
Event: 0.562 Loading class java/awt/Image$1 done
Event: 0.562 Loading class sun/awt/image/SurfaceManager
Event: 0.562 Loading class sun/awt/image/SurfaceManager done
Event: 0.562 Loading class java/awt/image/BufferedImage$1
Event: 0.562 Loading class java/awt/image/BufferedImage$1 done
Event: 0.563 Loading class sun/awt/image/IntegerComponentRaster
Event: 0.563 Loading class sun/awt/image/IntegerComponentRaster done
Event: 0.563 Loading class java/awt/image/IndexColorModel
Event: 0.563 Loading class java/awt/image/IndexColorModel done
Event: 0.563 Loading class sun/awt/image/ShortComponentRaster
Event: 0.563 Loading class sun/awt/image/ShortComponentRaster done
Event: 0.563 Loading class com/sun/imageio/plugins/common/ReaderUtil
Event: 0.563 Loading class com/sun/imageio/plugins/common/ReaderUtil done

Classes unloaded (0 events):
No events

Classes redefined (0 events):
No events

Internal exceptions (20 events):
Event: 0.400 Thread 0x0000020d4d2f1580 Exception <a 'java/lang/NoSuchMethodError'{0x000000072fd98868}: 'void java.lang.System.load(java.lang.String, java.lang.Class)'> (0x000000072fd98868) 
thrown [s\open\src\hotspot\share\interpreter\linkResolver.cpp, line 759]
Event: 0.401 Thread 0x0000020d4d2f1580 Exception <a 'java/lang/NoSuchMethodError'{0x000000072fd9b6f8}: 'void java.lang.System.loadLibrary(java.lang.String, java.lang.Class)'> (0x000000072fd9b6f8) 
thrown [s\open\src\hotspot\share\interpreter\linkResolver.cpp, line 759]
Event: 0.404 Thread 0x0000020d4d2f1580 Exception <a 'sun/nio/fs/WindowsException'{0x000000072fdaa588}> (0x000000072fdaa588) 
thrown [s\open\src\hotspot\share\prims\jni.cpp, line 516]
Event: 0.404 Thread 0x0000020d4d2f1580 Exception <a 'sun/nio/fs/WindowsException'{0x000000072fdaa930}> (0x000000072fdaa930) 
thrown [s\open\src\hotspot\share\prims\jni.cpp, line 516]
Event: 0.409 Thread 0x0000020d4d2f1580 Exception <a 'sun/nio/fs/WindowsException'{0x000000072fdb64f0}> (0x000000072fdb64f0) 
thrown [s\open\src\hotspot\share\prims\jni.cpp, line 516]
Event: 0.409 Thread 0x0000020d4d2f1580 Exception <a 'sun/nio/fs/WindowsException'{0x000000072fdb67d0}> (0x000000072fdb67d0) 
thrown [s\open\src\hotspot\share\prims\jni.cpp, line 516]
Event: 0.454 Thread 0x0000020d4d2f1580 Exception <a 'java/lang/NoSuchMethodError'{0x000000072fbbde50}: 'java.lang.Object java.lang.invoke.DirectMethodHandle$Holder.newInvokeSpecial(java.lang.Object, java.lang.Object, java.lang.Object, int)'> (0x000000072fbbde50) 
thrown [s\open\src\hotspot\share\interpreter\linkResolver.cpp, line 759]
Event: 0.454 Thread 0x0000020d4d2f1580 Exception <a 'java/lang/NoSuchMethodError'{0x000000072fbc1f90}: 'java.lang.Object java.lang.invoke.DirectMethodHandle$Holder.invokeSpecial(java.lang.Object, java.lang.Object, java.lang.Object, java.lang.Object, int)'> (0x000000072fbc1f90) 
thrown [s\open\src\hotspot\share\interpreter\linkResolver.cpp, line 759]
Event: 0.454 Thread 0x0000020d4d2f1580 Exception <a 'java/lang/NoSuchMethodError'{0x000000072fbc58f0}: 'java.lang.Object java.lang.invoke.Invokers$Holder.linkToTargetMethod(java.lang.Object, java.lang.Object, int, java.lang.Object)'> (0x000000072fbc58f0) 
thrown [s\open\src\hotspot\share\interpreter\linkResolver.cpp, line 759]
Event: 0.459 Thread 0x0000020d4d2f1580 Exception <a 'java/lang/NoSuchMethodError'{0x000000072fbdd160}: 'void java.lang.invoke.DirectMethodHandle$Holder.invokeStatic(java.lang.Object, java.lang.Object, java.lang.Object, java.lang.Object)'> (0x000000072fbdd160) 
thrown [s\open\src\hotspot\share\interpreter\linkResolver.cpp, line 759]
Event: 0.460 Thread 0x0000020d4d2f1580 Exception <a 'java/lang/NoSuchMethodError'{0x000000072fbe8258}: 'void java.lang.invoke.DirectMethodHandle$Holder.invokeStatic(java.lang.Object, java.lang.Object, java.lang.Object)'> (0x000000072fbe8258) 
thrown [s\open\src\hotspot\share\interpreter\linkResolver.cpp, line 759]
Event: 0.471 Thread 0x0000020d4d2f1580 Exception <a 'java/lang/NoSuchMethodError'{0x000000072f8606f8}: 'java.lang.Object java.lang.invoke.DirectMethodHandle$Holder.newInvokeSpecial(java.lang.Object, java.lang.Object, int, java.lang.Object)'> (0x000000072f8606f8) 
thrown [s\open\src\hotspot\share\interpreter\linkResolver.cpp, line 759]
Event: 0.471 Thread 0x0000020d4d2f1580 Exception <a 'java/lang/NoSuchMethodError'{0x000000072f8642a0}: 'java.lang.Object java.lang.invoke.DirectMethodHandle$Holder.invokeSpecial(java.lang.Object, java.lang.Object, java.lang.Object, int, java.lang.Object)'> (0x000000072f8642a0) 
thrown [s\open\src\hotspot\share\interpreter\linkResolver.cpp, line 759]
Event: 0.481 Thread 0x0000020d4d2f1580 Exception <a 'java/lang/NoSuchMethodError'{0x000000072f89d328}: 'void java.lang.invoke.DirectMethodHandle$Holder.invokeStatic(java.lang.Object, java.lang.Object, int)'> (0x000000072f89d328) 
thrown [s\open\src\hotspot\share\interpreter\linkResolver.cpp, line 759]
Event: 0.483 Thread 0x0000020d4d2f1580 Exception <a 'java/lang/NoSuchMethodError'{0x000000072f8aec48}: 'void java.lang.invoke.DirectMethodHandle$Holder.invokeStatic(java.lang.Object, int, java.lang.Object)'> (0x000000072f8aec48) 
thrown [s\open\src\hotspot\share\interpreter\linkResolver.cpp, line 759]
Event: 0.488 Thread 0x0000020d4d2f1580 Exception <a 'java/lang/ClassNotFoundException'{0x000000072f8bfa78}: sun/awt/resources/spi/awtProvider> (0x000000072f8bfa78) 
thrown [s\open\src\hotspot\share\classfile\systemDictionary.cpp, line 255]
Event: 0.496 Thread 0x0000020d4d2f1580 Exception <a 'java/io/FileNotFoundException'{0x000000072f906a90}> (0x000000072f906a90) 
thrown [s\open\src\hotspot\share\prims\jni.cpp, line 516]
Event: 0.499 Thread 0x0000020d4d2f1580 Exception <a 'java/io/FileNotFoundException'{0x000000072f933c70}> (0x000000072f933c70) 
thrown [s\open\src\hotspot\share\prims\jni.cpp, line 516]
Event: 0.509 Thread 0x0000020d4d2f1580 Exception <a 'java/lang/NoSuchMethodError'{0x000000072f96d950}: 'java.lang.Object java.lang.invoke.DirectMethodHandle$Holder.invokeStaticInit(java.lang.Object, int, int, int, int)'> (0x000000072f96d950) 
thrown [s\open\src\hotspot\share\interpreter\linkResolver.cpp, line 759]
Event: 0.543 Thread 0x0000020d4d2f1580 Exception <a 'java/lang/NoSuchMethodError'{0x000000072f631c70}: 'java.lang.Object java.lang.invoke.DirectMethodHandle$Holder.invokeStaticInit(java.lang.Object, java.lang.Object, int, int, int, int)'> (0x000000072f631c70) 
thrown [s\open\src\hotspot\share\interpreter\linkResolver.cpp, line 759]

VM Operations (10 events):
Event: 0.035 Executing VM operation: ChangeBreakpoints
Event: 0.035 Executing VM operation: ChangeBreakpoints done
Event: 0.090 Executing VM operation: HandshakeAllThreads
Event: 0.090 Executing VM operation: HandshakeAllThreads done
Event: 0.485 Executing VM operation: HandshakeAllThreads
Event: 0.485 Executing VM operation: HandshakeAllThreads done
Event: 0.513 Executing VM operation: HandshakeAllThreads
Event: 0.513 Executing VM operation: HandshakeAllThreads done
Event: 0.792 Executing VM operation: G1CollectForAllocation
Event: 0.794 Executing VM operation: G1CollectForAllocation done

Events (20 events):
Event: 0.018 Thread 0x0000020d6f137550 Thread added: 0x0000020d6f137550
Event: 0.018 Thread 0x0000020d6f13dbb0 Thread added: 0x0000020d6f13dbb0
Event: 0.018 Thread 0x0000020d6f13e3a0 Thread added: 0x0000020d6f13e3a0
Event: 0.018 Thread 0x0000020d6f13e8a0 Thread added: 0x0000020d6f13e8a0
Event: 0.018 Thread 0x0000020d6f13eda0 Thread added: 0x0000020d6f13eda0
Event: 0.035 Thread 0x0000020d734bced0 Thread added: 0x0000020d734bced0
Event: 0.035 Thread 0x0000020d734e19b0 Thread added: 0x0000020d734e19b0
Event: 0.035 Thread 0x0000020d734e36c0 Thread added: 0x0000020d734e36c0
Event: 0.078 Thread 0x0000020d734e9c10 Thread added: 0x0000020d734e9c10
Event: 0.081 Thread 0x0000020d734f6b20 Thread added: 0x0000020d734f6b20
Event: 0.087 Loaded shared library C:\Program Files\Java\jdk-18.0.2.1\bin\net.dll
Event: 0.088 Loaded shared library C:\Program Files\Java\jdk-18.0.2.1\bin\nio.dll
Event: 0.090 Loaded shared library C:\Program Files\Java\jdk-18.0.2.1\bin\zip.dll
Event: 0.125 Loaded shared library C:\Program Files\Java\jdk-18.0.2.1\bin\jimage.dll
Event: 0.140 Loaded shared library C:\Users\luloo\AppData\Local\Temp\lwjgl_luloo\3.3.2+13\x64\lwjgl.dll
Event: 0.406 Loaded shared library C:\Users\luloo\AppData\Local\Temp\lwjgl_luloo\3.3.2+13\x64\lwjgl_opengl.dll
Event: 0.469 Thread 0x0000020d756a9790 Thread added: 0x0000020d756a9790
Event: 0.492 Loaded shared library C:\Program Files\Java\jdk-18.0.2.1\bin\awt.dll
Event: 0.547 Thread 0x0000020d7579fbc0 Thread added: 0x0000020d7579fbc0
Event: 0.794 Thread 0x0000020d756a9790 Thread exited: 0x0000020d756a9790


Dynamic libraries:
0x00007ff7fa990000 - 0x00007ff7fa9a0000 	C:\Program Files\Java\jdk-18.0.2.1\bin\java.exe
0x00007ffa7a590000 - 0x00007ffa7a788000 	C:\WINDOWS\SYSTEM32\ntdll.dll
0x00007ffa78890000 - 0x00007ffa7894f000 	C:\WINDOWS\System32\KERNEL32.DLL
0x00007ffa77f10000 - 0x00007ffa78206000 	C:\WINDOWS\System32\KERNELBASE.dll
0x00007ffa78210000 - 0x00007ffa78310000 	C:\WINDOWS\System32\ucrtbase.dll
0x00007ffa716e0000 - 0x00007ffa716f8000 	C:\Program Files\Java\jdk-18.0.2.1\bin\jli.dll
0x00007ffa68d00000 - 0x00007ffa68d1a000 	C:\Program Files\Java\jdk-18.0.2.1\bin\VCRUNTIME140.dll
0x00007ffa79b40000 - 0x00007ffa79bef000 	C:\WINDOWS\System32\ADVAPI32.dll
0x00007ffa79780000 - 0x00007ffa7981e000 	C:\WINDOWS\System32\msvcrt.dll
0x00007ffa7a240000 - 0x00007ffa7a2dc000 	C:\WINDOWS\System32\sechost.dll
0x00007ffa78760000 - 0x00007ffa78886000 	C:\WINDOWS\System32\RPCRT4.dll
0x00007ffa7a340000 - 0x00007ffa7a4dd000 	C:\WINDOWS\System32\USER32.dll
0x00007ffa66390000 - 0x00007ffa6662a000 	C:\WINDOWS\WinSxS\amd64_microsoft.windows.common-controls_6595b64144ccf1df_6.0.19041.1110_none_60b5254171f9507e\COMCTL32.dll
0x00007ffa78530000 - 0x00007ffa78552000 	C:\WINDOWS\System32\win32u.dll
0x00007ffa786d0000 - 0x00007ffa786fc000 	C:\WINDOWS\System32\GDI32.dll
0x00007ffa78310000 - 0x00007ffa78425000 	C:\WINDOWS\System32\gdi32full.dll
0x00007ffa77ca0000 - 0x00007ffa77d3d000 	C:\WINDOWS\System32\msvcp_win.dll
0x00007ffa6f4f0000 - 0x00007ffa6f4fa000 	C:\WINDOWS\SYSTEM32\VERSION.dll
0x00007ffa786a0000 - 0x00007ffa786d0000 	C:\WINDOWS\System32\IMM32.DLL
0x00007ffa72250000 - 0x00007ffa7225c000 	C:\Program Files\Java\jdk-18.0.2.1\bin\vcruntime140_1.dll
0x00007ffa41bc0000 - 0x00007ffa41c4d000 	C:\Program Files\Java\jdk-18.0.2.1\bin\msvcp140.dll
0x00007ff9ee4e0000 - 0x00007ff9ef0f1000 	C:\Program Files\Java\jdk-18.0.2.1\bin\server\jvm.dll
0x00007ffa79770000 - 0x00007ffa79778000 	C:\WINDOWS\System32\PSAPI.DLL
0x00007ffa71700000 - 0x00007ffa71709000 	C:\WINDOWS\SYSTEM32\WSOCK32.dll
0x00007ffa6c280000 - 0x00007ffa6c2a7000 	C:\WINDOWS\SYSTEM32\WINMM.dll
0x00007ffa79820000 - 0x00007ffa7988b000 	C:\WINDOWS\System32\WS2_32.dll
0x00007ffa764a0000 - 0x00007ffa764b2000 	C:\WINDOWS\SYSTEM32\kernel.appcore.dll
0x00007ffa704f0000 - 0x00007ffa704fa000 	C:\Program Files\Java\jdk-18.0.2.1\bin\jimage.dll
0x00007ffa75ad0000 - 0x00007ffa75cb4000 	C:\WINDOWS\SYSTEM32\DBGHELP.DLL
0x00007ffa5e9b0000 - 0x00007ffa5e9e4000 	C:\WINDOWS\SYSTEM32\dbgcore.DLL
0x00007ffa78560000 - 0x00007ffa785e2000 	C:\WINDOWS\System32\bcryptPrimitives.dll
0x00007ffa65050000 - 0x00007ffa6508b000 	C:\Program Files\Java\jdk-18.0.2.1\bin\jdwp.dll
0x00007ffa630d0000 - 0x00007ffa630f5000 	C:\Program Files\Java\jdk-18.0.2.1\bin\java.dll
0x00007ffa41ae0000 - 0x00007ffa41bb6000 	C:\Program Files\Java\jdk-18.0.2.1\bin\jsvml.dll
0x00007ffa78950000 - 0x00007ffa79094000 	C:\WINDOWS\System32\SHELL32.dll
0x00007ffa75d00000 - 0x00007ffa76493000 	C:\WINDOWS\SYSTEM32\windows.storage.dll
0x00007ffa79370000 - 0x00007ffa796c4000 	C:\WINDOWS\System32\combase.dll
0x00007ffa776c0000 - 0x00007ffa776ee000 	C:\WINDOWS\SYSTEM32\Wldp.dll
0x00007ffa79bf0000 - 0x00007ffa79c9d000 	C:\WINDOWS\System32\SHCORE.dll
0x00007ffa78700000 - 0x00007ffa78755000 	C:\WINDOWS\System32\shlwapi.dll
0x00007ffa77bb0000 - 0x00007ffa77bcf000 	C:\WINDOWS\SYSTEM32\profapi.dll
0x00007ffa70490000 - 0x00007ffa7049c000 	C:\Program Files\Java\jdk-18.0.2.1\bin\dt_socket.dll
0x00007ffa770c0000 - 0x00007ffa770fc000 	C:\WINDOWS\SYSTEM32\IPHLPAPI.DLL
0x00007ffa77420000 - 0x00007ffa7748a000 	C:\WINDOWS\system32\mswsock.dll
0x00007ffa77110000 - 0x00007ffa771da000 	C:\WINDOWS\SYSTEM32\DNSAPI.dll
0x00007ffa7a540000 - 0x00007ffa7a548000 	C:\WINDOWS\System32\NSI.dll
0x00007ffa6a2e0000 - 0x00007ffa6a2ea000 	C:\Windows\System32\rasadhlp.dll
0x00007ffa6a0f0000 - 0x00007ffa6a172000 	C:\WINDOWS\System32\fwpuclnt.dll
0x00007ffa77c70000 - 0x00007ffa77c97000 	C:\WINDOWS\System32\bcrypt.dll
0x00007ffa688e0000 - 0x00007ffa688f3000 	C:\Program Files\Java\jdk-18.0.2.1\bin\net.dll
0x00007ffa6f040000 - 0x00007ffa6f14a000 	C:\WINDOWS\SYSTEM32\WINHTTP.dll
0x00007ffa65ee0000 - 0x00007ffa65ef6000 	C:\Program Files\Java\jdk-18.0.2.1\bin\nio.dll
0x00007ffa64ca0000 - 0x00007ffa64cb8000 	C:\Program Files\Java\jdk-18.0.2.1\bin\zip.dll
0x00007ffa49d20000 - 0x00007ffa49d9a000 	C:\Users\luloo\AppData\Local\Temp\lwjgl_luloo\3.3.2+13\x64\lwjgl.dll
0x00007ffa41a50000 - 0x00007ffa41ad2000 	C:\Users\luloo\AppData\Local\Temp\lwjgl_luloo\3.3.2+13\x64\glfw.dll
0x00007ffa4c370000 - 0x00007ffa4c3b5000 	C:\WINDOWS\SYSTEM32\dinput8.dll
0x00007ffa63480000 - 0x00007ffa63491000 	C:\WINDOWS\SYSTEM32\xinput1_4.dll
0x00007ffa784e0000 - 0x00007ffa7852e000 	C:\WINDOWS\System32\cfgmgr32.dll
0x00007ffa77a20000 - 0x00007ffa77a4c000 	C:\WINDOWS\SYSTEM32\DEVOBJ.dll
0x00007ffa75540000 - 0x00007ffa7556f000 	C:\WINDOWS\SYSTEM32\dwmapi.dll
0x00007ffa71f30000 - 0x00007ffa72082000 	C:\WINDOWS\SYSTEM32\inputhost.dll
0x00007ffa79ca0000 - 0x00007ffa79d6d000 	C:\WINDOWS\System32\OLEAUT32.dll
0x00007ffa74a40000 - 0x00007ffa74b36000 	C:\WINDOWS\SYSTEM32\PROPSYS.dll
0x00007ffa73ba0000 - 0x00007ffa73cf4000 	C:\WINDOWS\SYSTEM32\wintypes.dll
0x00007ffa74b40000 - 0x00007ffa74c32000 	C:\WINDOWS\SYSTEM32\CoreMessaging.dll
0x00007ffa746b0000 - 0x00007ffa74a0e000 	C:\WINDOWS\SYSTEM32\CoreUIComponents.dll
0x00007ffa76df0000 - 0x00007ffa76e23000 	C:\WINDOWS\SYSTEM32\ntmarta.dll
0x00007ffa752c0000 - 0x00007ffa7535e000 	C:\WINDOWS\system32\uxtheme.dll
0x00007ffa79250000 - 0x00007ffa79364000 	C:\WINDOWS\System32\MSCTF.dll
0x00007ffa2d890000 - 0x00007ffa2d9b5000 	C:\WINDOWS\SYSTEM32\opengl32.dll
0x00007ffa313b0000 - 0x00007ffa313dc000 	C:\WINDOWS\SYSTEM32\GLU32.dll
0x00007ffa785f0000 - 0x00007ffa78699000 	C:\WINDOWS\System32\clbcatq.dll
0x00007ffa704c0000 - 0x00007ffa704ea000 	C:\WINDOWS\System32\DriverStore\FileRepository\u0365645.inf_amd64_6ea274c917f5f2dc\B365437\atig6pxx.dll
0x00007ff9f1ea0000 - 0x00007ff9f4c45000 	C:\WINDOWS\System32\DriverStore\FileRepository\u0365645.inf_amd64_6ea274c917f5f2dc\B365437\atio6axx.dll
0x00007ffa79d70000 - 0x00007ffa7a1d8000 	C:\WINDOWS\System32\SETUPAPI.dll
0x00007ffa79920000 - 0x00007ffa79a4a000 	C:\WINDOWS\System32\ole32.dll
0x00007ffa39580000 - 0x00007ffa395a4000 	C:\WINDOWS\SYSTEM32\dxva2.dll
0x00007ffa705b0000 - 0x00007ffa705ec000 	C:\WINDOWS\System32\DriverStore\FileRepository\u0365645.inf_amd64_6ea274c917f5f2dc\B365437\atig6txx.dll
0x00007ffa2b3e0000 - 0x00007ffa2b59f000 	C:\WINDOWS\SYSTEM32\atiadlxx.dll
0x00007ffa77ea0000 - 0x00007ffa77f07000 	C:\WINDOWS\System32\WINTRUST.dll
0x00007ffa77d40000 - 0x00007ffa77e9e000 	C:\WINDOWS\System32\CRYPT32.dll
0x00007ffa77850000 - 0x00007ffa77862000 	C:\WINDOWS\SYSTEM32\MSASN1.dll
0x00007ffa6cc10000 - 0x00007ffa6cc4b000 	C:\WINDOWS\SYSTEM32\dxcore.dll
0x00007ffa70ea0000 - 0x00007ffa70f99000 	C:\WINDOWS\SYSTEM32\textinputframework.dll
0x00007ffa4c0c0000 - 0x00007ffa4c11e000 	C:\Users\luloo\AppData\Local\Temp\lwjgl_luloo\3.3.2+13\x64\lwjgl_opengl.dll
0x00007ffa38c80000 - 0x00007ffa38e0f000 	C:\Program Files\Java\jdk-18.0.2.1\bin\awt.dll
0x00007ffa75170000 - 0x00007ffa75201000 	C:\WINDOWS\SYSTEM32\apphelp.dll
0x00007ffa77610000 - 0x00007ffa77628000 	C:\WINDOWS\SYSTEM32\CRYPTSP.dll
0x00007ffa76cd0000 - 0x00007ffa76d04000 	C:\WINDOWS\system32\rsaenh.dll
0x00007ffa77b70000 - 0x00007ffa77b9e000 	C:\WINDOWS\SYSTEM32\USERENV.dll
0x00007ffa77630000 - 0x00007ffa7763c000 	C:\WINDOWS\SYSTEM32\CRYPTBASE.dll
0x00007ffa700e0000 - 0x00007ffa700f7000 	C:\WINDOWS\SYSTEM32\dhcpcsvc6.DLL
0x00007ffa6ff30000 - 0x00007ffa6ff4d000 	C:\WINDOWS\SYSTEM32\dhcpcsvc.DLL

dbghelp: loaded successfully - version: 4.0.5 - missing functions: none
symbol engine: initialized successfully - sym options: 0x614 - pdb path: .;C:\Program Files\Java\jdk-18.0.2.1\bin;C:\WINDOWS\SYSTEM32;C:\WINDOWS\WinSxS\amd64_microsoft.windows.common-controls_6595b64144ccf1df_6.0.19041.1110_none_60b5254171f9507e;C:\Program Files\Java\jdk-18.0.2.1\bin\server;C:\Users\luloo\AppData\Local\Temp\lwjgl_luloo\3.3.2+13\x64;C:\WINDOWS\System32\DriverStore\FileRepository\u0365645.inf_amd64_6ea274c917f5f2dc\B365437

VM Arguments:
jvm_args: -agentlib:jdwp=transport=dt_socket,server=n,suspend=y,address=localhost:49703 -XX:+ShowCodeDetailsInExceptionMessages 
java_command: nine.main.Program
java_class_path (initial): C:\Users\luloo\AppData\Roaming\Code\User\workspaceStorage\d8c42287f1df397b76da3afb65a9b80f\redhat.java\jdt_ws\NineEngine_c791062e\bin;d:\JavaProjects\NineEngine\lib\jar6.jar;d:\JavaProjects\NineEngine\lib\jar11.jar;d:\JavaProjects\NineEngine\lib\jar8.jar;d:\JavaProjects\NineEngine\lib\jar16.jar;d:\JavaProjects\NineEngine\lib\jar13.jar;d:\JavaProjects\NineEngine\lib\jar9.jar;d:\JavaProjects\NineEngine\lib\jar3.jar;d:\JavaProjects\NineEngine\lib\jar1.jar;d:\JavaProjects\NineEngine\lib\jar12.jar;d:\JavaProjects\NineEngine\lib\jar7.jar;d:\JavaProjects\NineEngine\lib\jar17.jar;d:\JavaProjects\NineEngine\lib\jar.jar;d:\JavaProjects\NineEngine\lib\jar5.jar;d:\JavaProjects\NineEngine\lib\jar14.jar;d:\JavaProjects\NineEngine\lib\jar15.jar;d:\JavaProjects\NineEngine\lib\jar4.jar;d:\JavaProjects\NineEngine\lib\jar10.jar;d:\JavaProjects\NineEngine\lib\jar2.jar
Launcher Type: SUN_STANDARD

[Global flags]
     intx CICompilerCount                          = 4                                         {product} {ergonomic}
     uint ConcGCThreads                            = 3                                         {product} {ergonomic}
     uint G1ConcRefinementThreads                  = 10                                        {product} {ergonomic}
   size_t G1HeapRegionSize                         = 2097152                                   {product} {ergonomic}
    uintx GCDrainStackTargetSize                   = 64                                        {product} {ergonomic}
   size_t InitialHeapSize                          = 232783872                                 {product} {ergonomic}
   size_t MarkStackSize                            = 4194304                                   {product} {ergonomic}
   size_t MaxHeapSize                              = 3720347648                                {product} {ergonomic}
   size_t MaxNewSize                               = 2231369728                                {product} {ergonomic}
   size_t MinHeapDeltaBytes                        = 2097152                                   {product} {ergonomic}
   size_t MinHeapSize                              = 8388608                                   {product} {ergonomic}
    uintx NonNMethodCodeHeapSize                   = 5839372                                {pd product} {ergonomic}
    uintx NonProfiledCodeHeapSize                  = 122909434                              {pd product} {ergonomic}
    uintx ProfiledCodeHeapSize                     = 122909434                              {pd product} {ergonomic}
    uintx ReservedCodeCacheSize                    = 251658240                              {pd product} {ergonomic}
     bool SegmentedCodeCache                       = true                                      {product} {ergonomic}
     bool ShowCodeDetailsInExceptionMessages       = true                                   {manageable} {command line}
   size_t SoftMaxHeapSize                          = 3720347648                             {manageable} {ergonomic}
     bool UseCompressedClassPointers               = true                           {product lp64_product} {ergonomic}
     bool UseCompressedOops                        = true                           {product lp64_product} {ergonomic}
     bool UseG1GC                                  = true                                      {product} {ergonomic}
     bool UseLargePagesIndividualAllocation        = false                                  {pd product} {ergonomic}

Logging:
Log output configuration:
 #0: stdout all=warning uptime,level,tags foldmultilines=false
 #1: stderr all=off uptime,level,tags foldmultilines=false

Environment Variables:
JAVA_HOME=C:\Program Files\Java\jdk-18.0.2.1
CLASSPATH=C:\Aspose\Tests\JUnit\junit-4.10.jar;.
PATH=C:\Program Files\Common Files\Oracle\Java\javapath;C:\WINDOWS\system32;C:\WINDOWS;C:\WINDOWS\System32\Wbem;C:\WINDOWS\System32\WindowsPowerShell\v1.0\;C:\WINDOWS\System32\OpenSSH\;C:\Program Files\Git\cmd;C:\Program Files\dotnet\;C:\Program Files\Microsoft VS Code\bin;C:\Program Files\TortoiseGit\bin;D:\Program Files\CMake\bin;D:\Wasm4;D:\Program Files\nodejs\;C:\ProgramData\chocolatey\bin;;C:\Program Files (x86)\NVIDIA Corporation\PhysX\Common;C:\Program Files (x86)\GtkSharp\2.12\bin;D:\Ruby31-x64\bin;C:\Users\luloo\AppData\Local\Microsoft\WindowsApps;C:\Users\luloo\.dotnet\tools;C:\Users\luloo\.nuget;C:\Program Files\Java\jdk-18.0.2.1\bin;C:\Users\luloo\AppData\Roaming\npm;C:\MinGW\bin;D:\JavaProjects\Wix;
USERNAME=luloo
LANG=ru_RU.UTF-8
OS=Windows_NT
PROCESSOR_IDENTIFIER=AMD64 Family 25 Model 80 Stepping 0, AuthenticAMD



---------------  S Y S T E M  ---------------

OS:
 Windows 10 , 64 bit Build 19041 (10.0.19041.3031)
OS uptime: 5 days 9:07 hours

CPU: total 12 (initial active 12) (12 cores per cpu, 2 threads per core) family 25 model 80 stepping 0 microcode 0x0, cx8, cmov, fxsr, ht, mmx, 3dnowpref, sse, sse2, sse3, ssse3, sse4a, sse4.1, sse4.2, popcnt, lzcnt, tsc, tscinvbit, avx, avx2, aes, erms, clmul, bmi1, bmi2, adx, sha, fma, vzeroupper, clflush, clflushopt

Memory: 4k page, system-wide physical 14188M (6379M free)
TotalPageFile size 16620M (AvailPageFile size 3494M)
current process WorkingSet (physical memory assigned to process): 138M, peak: 138M
current process commit charge ("private bytes"): 417M, peak: 417M

vm_info: Java HotSpot(TM) 64-Bit Server VM (18.0.2.1+1-1) for windows-amd64 JRE (18.0.2.1+1-1), built on Aug 16 2022 01:46:33 by "mach5one" with MS VC++ 16.8 / 16.9 (VS2019)

END.
